lmutil - Copyright (c) 1989-2021 Flexera. All Rights Reserved.
Flexible License Manager status on Sun 7/24/2022 23:52
License server status: 27000@lamp-ubuntu-s-2vcpu-2gb-intel-blr1-01
    License file(s) on lamp-ubuntu-s-2vcpu-2gb-intel-blr1-01: /root/mlm/etc/glnxa64/Lic_Standalone_R2013a.dat:
lamp-ubuntu-s-2vcpu-2gb-intel-blr1-01: license server UP (MASTER) v11.18.1
Vendor daemon status (on lamp-ubuntu-s-2vcpu-2gb-intel-blr1-01):
       MLM: UP v11.18.1
Feature usage info:
Users of Aerospace_Blockset:  (Uncounted, node-locked)
Users of Aerospace_Toolbox:  (Uncounted, node-locked)
Users of Bioinformatics_Toolbox:  (Uncounted, node-locked)
Users of Cert_Kit_IEC:  (Uncounted, node-locked)
Users of Communication_Blocks:  (Uncounted, node-locked)
Users of Communication_Toolbox:  (Uncounted, node-locked)
Users of Communications_System_Toolbox:  (Uncounted, node-locked)
Users of Compiler:  (Uncounted, node-locked)
Users of Computer_Vision_System_Toolbox:  (Uncounted, node-locked)
Users of Control_System_Toolbox:  (Uncounted, node-locked)
Users of Control_Toolbox:  (Uncounted, node-locked)
Users of Curve_Fitting_Toolbox:  (Uncounted, node-locked)
Users of Data_Acq_Toolbox:  (Uncounted, node-locked)
Users of Data_Acquisition_Toolbox:  (Uncounted, node-locked)
Users of Database_Toolbox:  (Uncounted, node-locked)
Users of Datafeed_Toolbox:  (Uncounted, node-locked)
Users of Dial_and_Gauge_Blocks:  (Uncounted, node-locked)
Users of Distrib_Computing_Toolbox:  (Uncounted, node-locked)
Users of Distributed_Computing_Server:  (Uncounted, node-locked)
Users of DO_Qualification_Kit:  (Uncounted, node-locked)
Users of DSP_System_Toolbox:  (Uncounted, node-locked)
Users of Econometrics_Toolbox:  (Uncounted, node-locked)
Users of EDA_Simulator_Link:  (Uncounted, node-locked)
Users of Embedded_IDE_Link:  (Uncounted, node-locked)
Users of Excel_Link:  (Uncounted, node-locked)
Users of Filter_Design_HDL_Coder:  (Uncounted, node-locked)
Users of Filter_Design_Toolbox:  (Uncounted, node-locked)
Users of Fin_Derivatives_Toolbox:  (Uncounted, node-locked)
Users of Fin_Instruments_Toolbox:  (Uncounted, node-locked)
Users of Financial_Instruments_Toolbox:  (Uncounted, node-locked)
Users of Financial_Toolbox:  (Uncounted, node-locked)
Users of Fixed_Income_Toolbox:  (Uncounted, node-locked)
Users of Fixed_Point_Designer:  (Uncounted, node-locked)
Users of Fixed_Point_Toolbox:  (Uncounted, node-locked)
Users of Fixed-Point_Blocks:  (Uncounted, node-locked)
Users of Fuzzy_Logic_Toolbox:  (Uncounted, node-locked)
Users of Fuzzy_Toolbox:  (Uncounted, node-locked)
Users of GADS_Toolbox:  (Uncounted, node-locked)
Users of Gauges_Blockset:  (Uncounted, node-locked)
Users of Global_Optimization_Toolbox:  (Uncounted, node-locked)
Users of HDL_Coder:  (Uncounted, node-locked)
Users of HDL_Verifier:  (Uncounted, node-locked)
Users of Identification_Toolbox:  (Uncounted, node-locked)
Users of IEC_Certification_Kit:  (Uncounted, node-locked)
Users of Image_Acquisition_Toolbox:  (Uncounted, node-locked)
Users of Image_Processing_Toolbox:  (Uncounted, node-locked)
Users of Image_Toolbox:  (Uncounted, node-locked)
Users of Instr_Control_Toolbox:  (Uncounted, node-locked)
Users of Instrument_Control_Toolbox:  (Uncounted, node-locked)
Users of MAP_Toolbox:  (Uncounted, node-locked)
Users of Mapping_Toolbox:  (Uncounted, node-locked)
Users of MATLAB:  (Uncounted, node-locked)
  "MATLAB" v29, vendor: MLM, expiry: 01-jan-0000
  vendor_string: vi=0:at=200:ae=1:lu=200:lo=CN:ei=1358359:
  uncounted nodelocked license locked to NOTHING (hostid=ANY)
    Administrator intel intel (v1.0) (lamp-ubuntu-s-2vcpu-2gb-intel-blr1-01/27000 101), start Sun 7/24 23:43
    Administrator intel intel (v20) (lamp-ubuntu-s-2vcpu-2gb-intel-blr1-01/27000 201), start Sun 7/24 23:46
    Administrator intel intel (v26) (lamp-ubuntu-s-2vcpu-2gb-intel-blr1-01/27000 301), start Sun 7/24 23:47
    Administrator intel intel (v27) (lamp-ubuntu-s-2vcpu-2gb-intel-blr1-01/27000 401), start Sun 7/24 23:49
    Administrator intel intel (v28) (lamp-ubuntu-s-2vcpu-2gb-intel-blr1-01/27000 501), start Sun 7/24 23:50
    Administrator intel intel (v29) (lamp-ubuntu-s-2vcpu-2gb-intel-blr1-01/27000 601), start Sun 7/24 23:52
Users of MATLAB_Builder_EX:  (Uncounted, node-locked)
Users of MATLAB_Builder_for_dot_Net:  (Uncounted, node-locked)
Users of MATLAB_Builder_for_Java:  (Uncounted, node-locked)
Users of MATLAB_Builder_JA:  (Uncounted, node-locked)
Users of MATLAB_Builder_NE:  (Uncounted, node-locked)
Users of MATLAB_Coder:  (Uncounted, node-locked)
Users of MATLAB_Compiler:  (Uncounted, node-locked)
Users of MATLAB_Distrib_Comp_Engine:  (Uncounted, node-locked)
Users of MATLAB_Excel_Builder:  (Uncounted, node-locked)
Users of MATLAB_Production_Server:  (Uncounted, node-locked)
Users of MATLAB_Report_Gen:  (Uncounted, node-locked)
Users of MATLAB_Report_Generator:  (Uncounted, node-locked)
Users of MBC_Toolbox:  (Uncounted, node-locked)
Users of MPC_Toolbox:  (Uncounted, node-locked)
Users of Neural_Network_Toolbox:  (Uncounted, node-locked)
Users of OPC_Toolbox:  (Uncounted, node-locked)
Users of Optimization_Toolbox:  (Uncounted, node-locked)
Users of Parallel_Computing_Toolbox:  (Uncounted, node-locked)
Users of PDE_Toolbox:  (Uncounted, node-locked)
Users of Phased_Array_System_Toolbox:  (Uncounted, node-locked)
Users of Power_System_Blocks:  (Uncounted, node-locked)
Users of Qual_Kit_DO:  (Uncounted, node-locked)
Users of Real_Time_Windows_Target:  (Uncounted, node-locked)
Users of Real-Time_Win_Target:  (Uncounted, node-locked)
Users of Real-Time_Workshop:  (Uncounted, node-locked)
Users of RF_Blockset:  (Uncounted, node-locked)
Users of RF_Toolbox:  (Uncounted, node-locked)
Users of Robust_Control_Toolbox:  (Uncounted, node-locked)
Users of Robust_Toolbox:  (Uncounted, node-locked)
Users of RTW_Embedded_Coder:  (Uncounted, node-locked)
Users of Sensor_Array_Toolbox:  (Uncounted, node-locked)
Users of Signal_Blocks:  (Uncounted, node-locked)
Users of Signal_Processing_Toolbox:  (Uncounted, node-locked)
Users of Signal_Toolbox:  (Uncounted, node-locked)
Users of SimBiology:  (Uncounted, node-locked)
Users of SimDriveline:  (Uncounted, node-locked)
Users of SimElectronics:  (Uncounted, node-locked)
Users of SimEvents:  (Uncounted, node-locked)
Users of SimHydraulics:  (Uncounted, node-locked)
Users of SimMechanics:  (Uncounted, node-locked)
Users of SimPowerSystems:  (Uncounted, node-locked)
Users of SimRF:  (Uncounted, node-locked)
Users of Simscape:  (Uncounted, node-locked)
Users of SIMULINK:  (Uncounted, node-locked)
Users of Simulink_Code_Inspector:  (Uncounted, node-locked)
Users of Simulink_Coder:  (Uncounted, node-locked)
Users of Simulink_Control_Design:  (Uncounted, node-locked)
Users of Simulink_Design_Optim:  (Uncounted, node-locked)
Users of Simulink_Design_Optimization:  (Uncounted, node-locked)
Users of Simulink_Design_Verifier:  (Uncounted, node-locked)
Users of Simulink_HDL_Coder:  (Uncounted, node-locked)
Users of Simulink_PLC_Coder:  (Uncounted, node-locked)
Users of SIMULINK_Report_Gen:  (Uncounted, node-locked)
Users of Simulink_Report_Generator:  (Uncounted, node-locked)
Users of SL_Verification_Validation:  (Uncounted, node-locked)
Users of Spreadsheet_Link_EX:  (Uncounted, node-locked)
Users of Stateflow:  (Uncounted, node-locked)
Users of Stateflow_Coder:  (Uncounted, node-locked)
Users of Statistics_Toolbox:  (Uncounted, node-locked)
Users of Symbolic_Math_Toolbox:  (Uncounted, node-locked)
Users of Symbolic_Toolbox:  (Uncounted, node-locked)
Users of System_Identification_Toolbox:  (Uncounted, node-locked)
Users of SystemTest:  (Uncounted, node-locked)
Users of Target_Support_Package:  (Uncounted, node-locked)
Users of Trading_Toolbox:  (Uncounted, node-locked)
Users of Vehicle_Network_Toolbox:  (Uncounted, node-locked)
Users of Video_and_Image_Blockset:  (Uncounted, node-locked)
Users of Virtual_Reality_Toolbox:  (Uncounted, node-locked)
Users of Wavelet_Toolbox:  (Uncounted, node-locked)
Users of XPC_Embedded_Option:  (Uncounted, node-locked)
Users of XPC_Target:  (Uncounted, node-locked)
Users of xPC_Target_Embedded_Option:  (Uncounted, node-locked)
